<?xml version="1.0" encoding="UTF-8"?>
<!-- Generated by org.testng.reporters.JUnitReportReporter -->
<testsuite hostname="LAPTOP-41DVHJA9" failures="0" tests="1" name="ABC_Demo1.TC01_Login" time="16.350" errors="0" timestamp="2021-09-21T11:05:17 IST" skipped="0">
  <testcase classname="ABC_Demo1.TC01_Login" name="LoginTest" time="16.350"/>
  <system-out/>
</testsuite> <!-- ABC_Demo1.TC01_Login -->
