<?xml version="1.0" encoding="UTF-8"?>
<!-- Generated by org.testng.reporters.JUnitReportReporter -->
<testsuite hostname="LAPTOP-41DVHJA9" failures="0" tests="1" name="A1_Day01.TC01_Add_jobs" time="17.543" errors="0" timestamp="2021-09-23T07:04:42 IST" skipped="0">
  <testcase classname="A1_Day01.TC01_Add_jobs" name="Add_jobs_Test" time="17.543"/>
  <system-out/>
</testsuite> <!-- A1_Day01.TC01_Add_jobs -->
