<?xml version="1.0" encoding="UTF-8"?>
<!-- Generated by org.testng.reporters.JUnitReportReporter -->
<testsuite hostname="LAPTOP-41DVHJA9" failures="0" tests="1" name="Day_002_Java.TC03_Login_Static_Paarameters" time="15.241" errors="0" timestamp="2021-09-23T12:12:30 IST" skipped="0">
  <testcase classname="Day_002_Java.TC03_Login_Static_Paarameters" name="Login_Test" time="15.241"/>
  <system-out/>
</testsuite> <!-- Day_002_Java.TC03_Login_Static_Paarameters -->
