<?xml version="1.0" encoding="UTF-8"?>
<!-- Generated by org.testng.reporters.JUnitReportReporter -->
<testsuite hostname="LAPTOP-41DVHJA9" failures="0" tests="1" name="Day_004_Dropdown.Listbox2" time="48.943" errors="0" timestamp="2021-09-23T15:54:11 IST" skipped="0">
  <testcase classname="Day_004_Dropdown.Listbox2" name="Test1" time="48.943"/>
  <system-out/>
</testsuite> <!-- Day_004_Dropdown.Listbox2 -->
