<?xml version="1.0" encoding="UTF-8"?>
<!-- Generated by org.testng.reporters.JUnitReportReporter -->
<testsuite hostname="LAPTOP-41DVHJA9" failures="0" tests="1" name="AAAA_Day3.TC01_Add_Skills" time="14.226" errors="0" timestamp="2021-09-22T07:07:37 IST" skipped="0">
  <testcase classname="AAAA_Day3.TC01_Add_Skills" name="skillsTest" time="14.226"/>
  <system-out/>
</testsuite> <!-- AAAA_Day3.TC01_Add_Skills -->
