<?xml version="1.0" encoding="UTF-8"?>
<!-- Generated by org.testng.reporters.JUnitReportReporter -->
<testsuite hostname="LAPTOP-41DVHJA9" failures="0" tests="1" name="Day_008_Emailable_Report.TestExample1" time="14.316" errors="0" timestamp="2021-09-25T11:35:25 IST" skipped="0">
  <testcase classname="Day_008_Emailable_Report.TestExample1" name="Test2" time="14.316"/>
  <system-out>
    <![CDATA[Pass- open Orangehrm1
Pass- Enter User Name1
Pass- Enter Password1
Pass- Click on Signin1]]>
  </system-out>
</testsuite> <!-- Day_008_Emailable_Report.TestExample1 -->
