<?xml version="1.0" encoding="UTF-8"?>
<!-- Generated by org.testng.reporters.JUnitReportReporter -->
<testsuite hostname="LAPTOP-41DVHJA9" failures="0" tests="1" name="AAAA_Day3.TC01_Add_Jobs3" time="23.214" errors="0" timestamp="2021-09-21T23:05:55 IST" skipped="0">
  <testcase classname="AAAA_Day3.TC01_Add_Jobs3" name="JobsTest" time="23.214"/>
  <system-out/>
</testsuite> <!-- AAAA_Day3.TC01_Add_Jobs3 -->
