<?xml version="1.0" encoding="UTF-8"?>
<!-- Generated by org.testng.reporters.JUnitReportReporter -->
<testsuite hostname="LAPTOP-41DVHJA9" failures="0" tests="1" name="Day_003_Locators.TC08_tagName" time="11.205" errors="0" timestamp="2021-09-22T19:12:08 IST" skipped="0">
  <testcase classname="Day_003_Locators.TC08_tagName" name="Test2" time="11.205"/>
  <system-out/>
</testsuite> <!-- Day_003_Locators.TC08_tagName -->
