<?xml version="1.0" encoding="UTF-8"?>
<!-- Generated by org.testng.reporters.JUnitReportReporter -->
<testsuite hostname="LAPTOP-41DVHJA9" failures="0" tests="1" name="ABC_Demo5.TC01_Login" time="18.568" errors="0" timestamp="2021-09-21T14:52:55 IST" skipped="0">
  <testcase classname="ABC_Demo5.TC01_Login" name="loginTest" time="18.568"/>
  <system-out/>
</testsuite> <!-- ABC_Demo5.TC01_Login -->
