<?xml version="1.0" encoding="UTF-8"?>
<!-- Generated by org.testng.reporters.JUnitReportReporter -->
<testsuite hostname="LAPTOP-41DVHJA9" failures="0" tests="1" name="Day_012_TestNG_Paraneters.TC02_Login_Static_Paarameters1" time="23.806" errors="0" timestamp="2021-09-28T22:02:16 IST" skipped="0">
  <testcase classname="Day_012_TestNG_Paraneters.TC02_Login_Static_Paarameters1" name="Login_Test" time="23.806"/>
  <system-out/>
</testsuite> <!-- Day_012_TestNG_Paraneters.TC02_Login_Static_Paarameters1 -->
