<?xml version="1.0" encoding="UTF-8"?>
<!-- Generated by org.testng.reporters.JUnitReportReporter -->
<testsuite hostname="LAPTOP-41DVHJA9" failures="0" tests="1" name="Day_003_Locators.TC07_className" time="30.608" errors="0" timestamp="2021-09-23T08:49:49 IST" skipped="0">
  <testcase classname="Day_003_Locators.TC07_className" name="Test2" time="30.608"/>
  <system-out/>
</testsuite> <!-- Day_003_Locators.TC07_className -->
