<?xml version="1.0" encoding="UTF-8"?>
<!-- Generated by org.testng.reporters.JUnitReportReporter -->
<testsuite hostname="LAPTOP-41DVHJA9" failures="0" tests="1" name="AAA_DDD.Test1_Login" time="0.013" errors="0" timestamp="2021-09-21T11:31:32 IST" skipped="0">
  <testcase classname="AAA_DDD.Test1_Login" name="LoginTest" time="0.013"/>
  <system-out/>
</testsuite> <!-- AAA_DDD.Test1_Login -->
